build/outputs/logs/manifest-merger-release-report.txt
-- Merging decision tree log ---
manifest
ADDED from SURVEY\Demo\AndroidManifest.xml:2:1-92:12
INJECTED from SURVEY\Demo\AndroidManifest.xml:2:1-92:12
INJECTED from SURVEY\Demo\AndroidManifest.xml:2:1-92:12
INJECTED from SURVEY\Demo\AndroidManifest.xml:2:1-92:12
MERGED from [com.android.support:support-v4:28.0.0] AndroidManifest.xml:17:1-22:12
MERGED from [com.android.support:support-media-compat:28.0.0] AndroidManifest.xml:17:1-22:12
MERGED from [com.android.support:support-fragment:28.0.0] AndroidManifest.xml:17:1-22:12
MERGED from [com.android.support:support-core-ui:28.0.0] AndroidManifest.xml:17:1-22:12
MERGED from [com.android.support:support-core-utils:28.0.0] AndroidManifest.xml:17:1-22:12
MERGED from [com.android.support:loader:28.0.0] AndroidManifest.xml:17:1-22:12
MERGED from [com.android.support:viewpager:28.0.0] AndroidManifest.xml:17:1-22:12
MERGED from [com.android.support:coordinatorlayout:28.0.0] AndroidManifest.xml:17:1-22:12
MERGED from [com.android.support:drawerlayout:28.0.0] AndroidManifest.xml:17:1-22:12
MERGED from [com.android.support:slidingpanelayout:28.0.0] AndroidManifest.xml:17:1-22:12
MERGED from [com.android.support:customview:28.0.0] AndroidManifest.xml:17:1-22:12
MERGED from [com.android.support:swiperefreshlayout:28.0.0] AndroidManifest.xml:17:1-22:12
MERGED from [com.android.support:asynclayoutinflater:28.0.0] AndroidManifest.xml:17:1-22:12
MERGED from [com.android.support:support-compat:28.0.0] AndroidManifest.xml:17:1-24:12
MERGED from [com.android.support:versionedparcelable:28.0.0] AndroidManifest.xml:17:1-25:12
MERGED from [android.arch.lifecycle:runtime:1.1.1] AndroidManifest.xml:17:1-22:12
MERGED from [com.android.support:documentfile:28.0.0] AndroidManifest.xml:17:1-22:12
MERGED from [com.android.support:localbroadcastmanager:28.0.0] AndroidManifest.xml:17:1-22:12
MERGED from [com.android.support:print:28.0.0] AndroidManifest.xml:17:1-22:12
MERGED from [com.android.support:interpolator:28.0.0] AndroidManifest.xml:17:1-22:12
MERGED from [com.android.support:cursoradapter:28.0.0] AndroidManifest.xml:17:1-22:12
MERGED from [android.arch.lifecycle:viewmodel:1.1.1] AndroidManifest.xml:17:1-22:12
MERGED from [android.arch.lifecycle:livedata:1.1.1] AndroidManifest.xml:17:1-22:12
MERGED from [android.arch.lifecycle:livedata-core:1.1.1] AndroidManifest.xml:17:1-22:12
MERGED from [android.arch.core:runtime:1.1.1] AndroidManifest.xml:17:1-22:12
INJECTED from SURVEY\Demo\AndroidManifest.xml:2:1-92:12
INJECTED from SURVEY\Demo\AndroidManifest.xml:2:1-92:12
INJECTED from SURVEY\Demo\AndroidManifest.xml:2:1-92:12
	package
		ADDED from SURVEY\Demo\AndroidManifest.xml:3:5-35
		INJECTED from SURVEY\Demo\AndroidManifest.xml
		INJECTED from SURVEY\Demo\AndroidManifest.xml
	android:versionName
		ADDED from SURVEY\Demo\AndroidManifest.xml:5:5-30
		INJECTED from SURVEY\Demo\AndroidManifest.xml
		INJECTED from SURVEY\Demo\AndroidManifest.xml
	xmlns:android
		ADDED from SURVEY\Demo\AndroidManifest.xml:2:11-69
	android:versionCode
		ADDED from SURVEY\Demo\AndroidManifest.xml:4:5-28
		INJECTED from SURVEY\Demo\AndroidManifest.xml
		INJECTED from SURVEY\Demo\AndroidManifest.xml
uses-permission#android.permission.INTERNET
ADDED from SURVEY\Demo\AndroidManifest.xml:8:5-67
	android:name
		ADDED from SURVEY\Demo\AndroidManifest.xml:8:22-64
uses-permission#android.permission.ACCESS_NETWORK_STATE
ADDED from SURVEY\Demo\AndroidManifest.xml:10:5-79
	android:name
		ADDED from SURVEY\Demo\AndroidManifest.xml:10:22-76
uses-permission#android.permission.CHANGE_NETWORK_STATE
ADDED from SURVEY\Demo\AndroidManifest.xml:12:5-79
	android:name
		ADDED from SURVEY\Demo\AndroidManifest.xml:12:22-76
uses-permission#android.permission.READ_PHONE_STATE
ADDED from SURVEY\Demo\AndroidManifest.xml:14:5-75
	android:name
		ADDED from SURVEY\Demo\AndroidManifest.xml:14:22-72
uses-permission#android.permission.FOREGROUND_SERVICE
ADDED from SURVEY\Demo\AndroidManifest.xml:16:5-76
	android:name
		ADDED from SURVEY\Demo\AndroidManifest.xml:16:22-74
application
ADDED from SURVEY\Demo\AndroidManifest.xml:18:5-90:19
MERGED from [com.android.support:support-compat:28.0.0] AndroidManifest.xml:22:5-94
MERGED from [com.android.support:support-compat:28.0.0] AndroidManifest.xml:22:5-94
MERGED from [com.android.support:versionedparcelable:28.0.0] AndroidManifest.xml:22:5-23:19
MERGED from [com.android.support:versionedparcelable:28.0.0] AndroidManifest.xml:22:5-23:19
	android:screenOrientation
		ADDED from SURVEY\Demo\AndroidManifest.xml:22:9-45
	android:appComponentFactory
		ADDED from [com.android.support:support-compat:28.0.0] AndroidManifest.xml:22:18-91
	android:label
		ADDED from SURVEY\Demo\AndroidManifest.xml:24:9-41
	android:icon
		ADDED from SURVEY\Demo\AndroidManifest.xml:21:9-45
	android:allowBackup
		ADDED from SURVEY\Demo\AndroidManifest.xml:20:9-36
	android:networkSecurityConfig
		ADDED from SURVEY\Demo\AndroidManifest.xml:23:9-69
	android:name
		ADDED from SURVEY\Demo\AndroidManifest.xml:19:9-77
meta-data#app_key
ADDED from SURVEY\Demo\AndroidManifest.xml:26:9-28:64
	android:value
		ADDED from SURVEY\Demo\AndroidManifest.xml:28:13-61
	android:name
		ADDED from SURVEY\Demo\AndroidManifest.xml:27:13-35
meta-data#pack_id
ADDED from SURVEY\Demo\AndroidManifest.xml:30:9-32:52
	android:value
		ADDED from SURVEY\Demo\AndroidManifest.xml:32:13-49
	android:name
		ADDED from SURVEY\Demo\AndroidManifest.xml:31:13-35
activity#com.breathe.ting.android.opensdk.test.MainFragmentActivity
ADDED from SURVEY\Demo\AndroidManifest.xml:34:9-44:20
	android:label
		ADDED from SURVEY\Demo\AndroidManifest.xml:36:13-45
	android:launchMode
		ADDED from SURVEY\Demo\AndroidManifest.xml:37:13-44
	android:uiOptions
		ADDED from SURVEY\Demo\AndroidManifest.xml:38:13-57
	android:name
		ADDED from SURVEY\Demo\AndroidManifest.xml:35:13-86
intent-filter#action:name:android.intent.action.MAIN+category:name:android.intent.category.LAUNCHER
ADDED from SURVEY\Demo\AndroidManifest.xml:39:13-43:29
action#android.intent.action.MAIN
ADDED from SURVEY\Demo\AndroidManifest.xml:40:17-69
	android:name
		ADDED from SURVEY\Demo\AndroidManifest.xml:40:25-66
category#android.intent.category.LAUNCHER
ADDED from SURVEY\Demo\AndroidManifest.xml:42:17-77
	android:name
		ADDED from SURVEY\Demo\AndroidManifest.xml:42:27-74
activity#com.ximalaya.ting.android.opensdk.auth.component.XmlyBrowserComponent
ADDED from SURVEY\Demo\AndroidManifest.xml:47:9-51:58
	android:windowSoftInputMode
		ADDED from SURVEY\Demo\AndroidManifest.xml:51:13-55
	android:exported
		ADDED from SURVEY\Demo\AndroidManifest.xml:50:13-37
	android:configChanges
		ADDED from SURVEY\Demo\AndroidManifest.xml:49:13-63
	android:name
		ADDED from SURVEY\Demo\AndroidManifest.xml:48:13-97
activity#com.ximalaya.ting.android.xmpayordersdk.XmPayOrderActivity
ADDED from SURVEY\Demo\AndroidManifest.xml:54:9-58:58
	android:windowSoftInputMode
		ADDED from SURVEY\Demo\AndroidManifest.xml:58:13-55
	android:exported
		ADDED from SURVEY\Demo\AndroidManifest.xml:57:13-37
	android:configChanges
		ADDED from SURVEY\Demo\AndroidManifest.xml:56:13-63
	android:name
		ADDED from SURVEY\Demo\AndroidManifest.xml:55:13-86
activity#com.breathe.ting.android.opensdk.test.download.DownloadTrackActivity
ADDED from SURVEY\Demo\AndroidManifest.xml:60:9-115
	android:name
		ADDED from SURVEY\Demo\AndroidManifest.xml:60:19-102
activity#com.breathe.ting.android.opensdk.test.download.DownloadActivity
ADDED from SURVEY\Demo\AndroidManifest.xml:61:9-109
	android:name
		ADDED from SURVEY\Demo\AndroidManifest.xml:61:19-97
activity#com.breathe.ting.android.opensdk.test.download.BatchDownloadActivity
ADDED from SURVEY\Demo\AndroidManifest.xml:62:9-114
	android:name
		ADDED from SURVEY\Demo\AndroidManifest.xml:62:19-102
service#com.ximalaya.ting.android.opensdk.player.service.XmPlayerService
ADDED from SURVEY\Demo\AndroidManifest.xml:64:9-65:19
	android:process
		ADDED from SURVEY\Demo\AndroidManifest.xml:64:122-147
	android:exported
		ADDED from SURVEY\Demo\AndroidManifest.xml:64:98-121
	android:name
		ADDED from SURVEY\Demo\AndroidManifest.xml:64:18-97
receiver#com.ximalaya.ting.android.opensdk.player.receive.PlayerReceiver
ADDED from SURVEY\Demo\AndroidManifest.xml:67:9-76:20
	android:process
		ADDED from SURVEY\Demo\AndroidManifest.xml:68:116-141
	android:exported
		ADDED from SURVEY\Demo\AndroidManifest.xml:68:92-115
	android:name
		ADDED from SURVEY\Demo\AndroidManifest.xml:68:13-91
intent-filter#action:name:com.ximalaya.ting.android.ACTION_CLOSE+action:name:com.ximalaya.ting.android.ACTION_CONTROL_PLAY_NEXT+action:name:com.ximalaya.ting.android.ACTION_CONTROL_PLAY_PRE+action:name:com.ximalaya.ting.android.ACTION_CONTROL_RELEASE_SERVICE+action:name:com.ximalaya.ting.android.ACTION_CONTROL_START_PAUSE
ADDED from SURVEY\Demo\AndroidManifest.xml:69:13-75:29
action#com.ximalaya.ting.android.ACTION_CONTROL_START_PAUSE
ADDED from SURVEY\Demo\AndroidManifest.xml:70:17-95
	android:name
		ADDED from SURVEY\Demo\AndroidManifest.xml:70:25-92
action#com.ximalaya.ting.android.ACTION_CONTROL_PLAY_PRE
ADDED from SURVEY\Demo\AndroidManifest.xml:71:17-92
	android:name
		ADDED from SURVEY\Demo\AndroidManifest.xml:71:25-89
action#com.ximalaya.ting.android.ACTION_CONTROL_PLAY_NEXT
ADDED from SURVEY\Demo\AndroidManifest.xml:72:17-93
	android:name
		ADDED from SURVEY\Demo\AndroidManifest.xml:72:25-90
action#com.ximalaya.ting.android.ACTION_CLOSE
ADDED from SURVEY\Demo\AndroidManifest.xml:73:17-81
	android:name
		ADDED from SURVEY\Demo\AndroidManifest.xml:73:25-78
action#com.ximalaya.ting.android.ACTION_CONTROL_RELEASE_SERVICE
ADDED from SURVEY\Demo\AndroidManifest.xml:74:17-99
	android:name
		ADDED from SURVEY\Demo\AndroidManifest.xml:74:25-96
receiver#com.ximalaya.ting.android.opensdk.player.receive.WireControlReceiver
ADDED from SURVEY\Demo\AndroidManifest.xml:78:9-80:45
	android:process
		ADDED from SURVEY\Demo\AndroidManifest.xml:79:19-44
	android:exported
		ADDED from SURVEY\Demo\AndroidManifest.xml:80:19-42
	android:name
		ADDED from SURVEY\Demo\AndroidManifest.xml:78:19-102
receiver#com.breathe.ting.android.opensdk.test.reciver.MyPlayerReceiver
ADDED from SURVEY\Demo\AndroidManifest.xml:82:9-87:20
	android:exported
		ADDED from SURVEY\Demo\AndroidManifest.xml:82:97-120
	android:name
		ADDED from SURVEY\Demo\AndroidManifest.xml:82:19-96
intent-filter#action:name:com.app.test.android.Action_Close+action:name:com.app.test.android.Action_PAUSE_START
ADDED from SURVEY\Demo\AndroidManifest.xml:83:13-86:29
action#com.app.test.android.Action_Close
ADDED from SURVEY\Demo\AndroidManifest.xml:84:17-75
	android:name
		ADDED from SURVEY\Demo\AndroidManifest.xml:84:25-73
action#com.app.test.android.Action_PAUSE_START
ADDED from SURVEY\Demo\AndroidManifest.xml:85:17-81
	android:name
		ADDED from SURVEY\Demo\AndroidManifest.xml:85:25-79
receiver#com.breathe.ting.android.opensdk.test.reciver.CustomMediaButtonReceiver
ADDED from SURVEY\Demo\AndroidManifest.xml:88:9-107
	android:name
		ADDED from SURVEY\Demo\AndroidManifest.xml:88:19-105
uses-sdk
INJECTED from SURVEY\Demo\AndroidManifest.xml reason: use-sdk injection requested
INJECTED from SURVEY\Demo\AndroidManifest.xml
INJECTED from SURVEY\Demo\AndroidManifest.xml
MERGED from [com.android.support:support-v4:28.0.0] AndroidManifest.xml:20:5-44
MERGED from [com.android.support:support-v4:28.0.0] AndroidManifest.xml:20:5-44
MERGED from [com.android.support:support-media-compat:28.0.0] AndroidManifest.xml:20:5-44
MERGED from [com.android.support:support-media-compat:28.0.0] AndroidManifest.xml:20:5-44
MERGED from [com.android.support:support-fragment:28.0.0] AndroidManifest.xml:20:5-44
MERGED from [com.android.support:support-fragment:28.0.0] AndroidManifest.xml:20:5-44
MERGED from [com.android.support:support-core-ui:28.0.0] AndroidManifest.xml:20:5-44
MERGED from [com.android.support:support-core-ui:28.0.0] AndroidManifest.xml:20:5-44
MERGED from [com.android.support:support-core-utils:28.0.0] AndroidManifest.xml:20:5-44
MERGED from [com.android.support:support-core-utils:28.0.0] AndroidManifest.xml:20:5-44
MERGED from [com.android.support:loader:28.0.0] AndroidManifest.xml:20:5-44
MERGED from [com.android.support:loader:28.0.0] AndroidManifest.xml:20:5-44
MERGED from [com.android.support:viewpager:28.0.0] AndroidManifest.xml:20:5-44
MERGED from [com.android.support:viewpager:28.0.0] AndroidManifest.xml:20:5-44
MERGED from [com.android.support:coordinatorlayout:28.0.0] AndroidManifest.xml:20:5-44
MERGED from [com.android.support:coordinatorlayout:28.0.0] AndroidManifest.xml:20:5-44
MERGED from [com.android.support:drawerlayout:28.0.0] AndroidManifest.xml:20:5-44
MERGED from [com.android.support:drawerlayout:28.0.0] AndroidManifest.xml:20:5-44
MERGED from [com.android.support:slidingpanelayout:28.0.0] AndroidManifest.xml:20:5-44
MERGED from [com.android.support:slidingpanelayout:28.0.0] AndroidManifest.xml:20:5-44
MERGED from [com.android.support:customview:28.0.0] AndroidManifest.xml:20:5-44
MERGED from [com.android.support:customview:28.0.0] AndroidManifest.xml:20:5-44
MERGED from [com.android.support:swiperefreshlayout:28.0.0] AndroidManifest.xml:20:5-44
MERGED from [com.android.support:swiperefreshlayout:28.0.0] AndroidManifest.xml:20:5-44
MERGED from [com.android.support:asynclayoutinflater:28.0.0] AndroidManifest.xml:20:5-44
MERGED from [com.android.support:asynclayoutinflater:28.0.0] AndroidManifest.xml:20:5-44
MERGED from [com.android.support:support-compat:28.0.0] AndroidManifest.xml:20:5-44
MERGED from [com.android.support:support-compat:28.0.0] AndroidManifest.xml:20:5-44
MERGED from [com.android.support:versionedparcelable:28.0.0] AndroidManifest.xml:20:5-44
MERGED from [com.android.support:versionedparcelable:28.0.0] AndroidManifest.xml:20:5-44
MERGED from [android.arch.lifecycle:runtime:1.1.1] AndroidManifest.xml:20:5-44
MERGED from [android.arch.lifecycle:runtime:1.1.1] AndroidManifest.xml:20:5-44
MERGED from [com.android.support:documentfile:28.0.0] AndroidManifest.xml:20:5-44
MERGED from [com.android.support:documentfile:28.0.0] AndroidManifest.xml:20:5-44
MERGED from [com.android.support:localbroadcastmanager:28.0.0] AndroidManifest.xml:20:5-44
MERGED from [com.android.support:localbroadcastmanager:28.0.0] AndroidManifest.xml:20:5-44
MERGED from [com.android.support:print:28.0.0] AndroidManifest.xml:20:5-44
MERGED from [com.android.support:print:28.0.0] AndroidManifest.xml:20:5-44
MERGED from [com.android.support:interpolator:28.0.0] AndroidManifest.xml:20:5-44
MERGED from [com.android.support:interpolator:28.0.0] AndroidManifest.xml:20:5-44
MERGED from [com.android.support:cursoradapter:28.0.0] AndroidManifest.xml:20:5-44
MERGED from [com.android.support:cursoradapter:28.0.0] AndroidManifest.xml:20:5-44
MERGED from [android.arch.lifecycle:viewmodel:1.1.1] AndroidManifest.xml:20:5-44
MERGED from [android.arch.lifecycle:viewmodel:1.1.1] AndroidManifest.xml:20:5-44
MERGED from [android.arch.lifecycle:livedata:1.1.1] AndroidManifest.xml:20:5-44
MERGED from [android.arch.lifecycle:livedata:1.1.1] AndroidManifest.xml:20:5-44
MERGED from [android.arch.lifecycle:livedata-core:1.1.1] AndroidManifest.xml:20:5-44
MERGED from [android.arch.lifecycle:livedata-core:1.1.1] AndroidManifest.xml:20:5-44
MERGED from [android.arch.core:runtime:1.1.1] AndroidManifest.xml:20:5-44
MERGED from [android.arch.core:runtime:1.1.1] AndroidManifest.xml:20:5-44
INJECTED from SURVEY\Demo\AndroidManifest.xml
INJECTED from SURVEY\Demo\AndroidManifest.xml
	android:targetSdkVersion
		INJECTED from SURVEY\Demo\AndroidManifest.xml
		ADDED from SURVEY\Demo\AndroidManifest.xml
		INJECTED from SURVEY\Demo\AndroidManifest.xml
	android:minSdkVersion
		INJECTED from SURVEY\Demo\AndroidManifest.xml
		ADDED from SURVEY\Demo\AndroidManifest.xml
		INJECTED from SURVEY\Demo\AndroidManifest.xml